<?xml version="1.0" encoding="UTF-8" ?>
<testsuites>
  <testsuite errors="0" failures="0" hostname="vodkalimon.local" id="0" name="GeocodingServiceTests" package="com.grails.plugins.localizable" tests="8" time="3.341" timestamp="2010-11-27T03:10:17">
      <properties />

      <testcase classname="com.grails.plugins.localizable.GeocodingServiceTests" name="testFindPointsByAddress" time="1.351" />

      <testcase classname="com.grails.plugins.localizable.GeocodingServiceTests" name="testFindPointsByAddressWithZeroResults" time="0.227" />

      <testcase classname="com.grails.plugins.localizable.GeocodingServiceTests" name="testFindLatLngsByAddress" time="0.252" />

      <testcase classname="com.grails.plugins.localizable.GeocodingServiceTests" name="testFindLatLngByAddress" time="0.219" />

      <testcase classname="com.grails.plugins.localizable.GeocodingServiceTests" name="testFindPointsByLatLng" time="0.322" />

      <testcase classname="com.grails.plugins.localizable.GeocodingServiceTests" name="testFindPointsByLatLngWithZeroResults" time="0.203" />

      <testcase classname="com.grails.plugins.localizable.GeocodingServiceTests" name="testFindAddressesByLatLng" time="0.337" />

      <testcase classname="com.grails.plugins.localizable.GeocodingServiceTests" name="testFindAddressByLatLng" time="0.272" />

      <system-out><![CDATA[--Output from testFindPointsByAddress--
--Output from testFindPointsByAddressWithZeroResults--
--Output from testFindLatLngsByAddress--
--Output from testFindLatLngByAddress--
--Output from testFindPointsByLatLng--
--Output from testFindPointsByLatLngWithZeroResults--
--Output from testFindAddressesByLatLng--
--Output from testFindAddressByLatLng--
]]></system-out>

      <system-err><![CDATA[--Output from testFindPointsByAddress--
--Output from testFindPointsByAddressWithZeroResults--
--Output from testFindLatLngsByAddress--
--Output from testFindLatLngByAddress--
--Output from testFindPointsByLatLng--
--Output from testFindPointsByLatLngWithZeroResults--
--Output from testFindAddressesByLatLng--
--Output from testFindAddressByLatLng--
]]></system-err>

  </testsuite>
  <testsuite errors="0" failures="0" hostname="vodkalimon.local" id="1" name="GeocodingTests" package="com.grails.plugins.localizable" tests="2" time="0.52" timestamp="2010-11-27T03:10:20">
      <properties />

      <testcase classname="com.grails.plugins.localizable.GeocodingTests" name="testGMapsRequestByAddress" time="0.246" />

      <testcase classname="com.grails.plugins.localizable.GeocodingTests" name="testGMapsRequestByLatLng" time="0.256" />

      <system-out><![CDATA[--Output from testGMapsRequestByAddress--
--Output from testGMapsRequestByLatLng--
]]></system-out>

      <system-err><![CDATA[--Output from testGMapsRequestByAddress--
--Output from testGMapsRequestByLatLng--
]]></system-err>

  </testsuite>
  <testsuite errors="0" failures="0" hostname="vodkalimon.local" id="2" name="ItemTests" package="localizable" tests="1" time="0.0080" timestamp="2010-11-27T03:10:21">
      <properties />

      <testcase classname="localizable.ItemTests" name="testSomething" time="0.0050" />

      <system-out><![CDATA[--Output from testSomething--
]]></system-out>

      <system-err><![CDATA[--Output from testSomething--
]]></system-err>

  </testsuite>
</testsuites>
